0 info it worked if it ends with ok
1 verbose cli [ '/home/aaronr/.linuxbrew/Cellar/node/6.3.0/bin/node',
1 verbose cli   '/home/aaronr/.linuxbrew/bin/npm',
1 verbose cli   'install' ]
2 info using npm@3.10.3
3 info using node@v6.3.0
4 silly loadCurrentTree Starting
5 silly install loadCurrentTree
6 silly install readLocalPackageData
7 silly install normalizeTree
8 silly loadCurrentTree Finishing
9 silly loadIdealTree Starting
10 silly install loadIdealTree
11 silly cloneCurrentTree Starting
12 silly install cloneCurrentTreeToIdealTree
13 silly cloneCurrentTree Finishing
14 silly loadShrinkwrap Starting
15 silly install loadShrinkwrap
16 silly loadShrinkwrap Finishing
17 silly loadAllDepsIntoIdealTree Starting
18 silly install loadAllDepsIntoIdealTree
19 silly fetchNamedPackageData fibers
20 silly mapToRegistry name fibers
21 silly mapToRegistry using default registry
22 silly mapToRegistry registry https://registry.npmjs.org/
23 silly mapToRegistry data Result {
23 silly mapToRegistry   raw: 'fibers',
23 silly mapToRegistry   scope: null,
23 silly mapToRegistry   escapedName: 'fibers',
23 silly mapToRegistry   name: 'fibers',
23 silly mapToRegistry   rawSpec: '',
23 silly mapToRegistry   spec: 'latest',
23 silly mapToRegistry   type: 'tag' }
24 silly mapToRegistry uri https://registry.npmjs.org/fibers
25 silly fetchNamedPackageData webpack
26 silly mapToRegistry name webpack
27 silly mapToRegistry using default registry
28 silly mapToRegistry registry https://registry.npmjs.org/
29 silly mapToRegistry data Result {
29 silly mapToRegistry   raw: 'webpack',
29 silly mapToRegistry   scope: null,
29 silly mapToRegistry   escapedName: 'webpack',
29 silly mapToRegistry   name: 'webpack',
29 silly mapToRegistry   rawSpec: '',
29 silly mapToRegistry   spec: 'latest',
29 silly mapToRegistry   type: 'tag' }
30 silly mapToRegistry uri https://registry.npmjs.org/webpack
31 verbose request uri https://registry.npmjs.org/fibers
32 verbose request no auth needed
33 info attempt registry request try #1 at 6:02:52 PM
34 verbose request id 9eda615c558b23b6
35 verbose etag "BHGUA1LB590EWCJ7L92NUZHU9"
36 http request GET https://registry.npmjs.org/fibers
37 info retry will retry, error on last attempt: Error: getaddrinfo EAI_AGAIN registry.npmjs.org:443
38 verbose request uri https://registry.npmjs.org/webpack
39 verbose request no auth needed
40 info attempt registry request try #1 at 6:02:53 PM
41 verbose etag "6VO72PKTYP5F1JKELBB1E7XXZ"
42 http request GET https://registry.npmjs.org/webpack
43 info retry will retry, error on last attempt: Error: getaddrinfo EAI_AGAIN registry.npmjs.org:443
44 info attempt registry request try #2 at 6:03:03 PM
45 verbose etag "BHGUA1LB590EWCJ7L92NUZHU9"
46 http request GET https://registry.npmjs.org/fibers
47 info retry will retry, error on last attempt: Error: getaddrinfo EAI_AGAIN registry.npmjs.org:443
48 info attempt registry request try #2 at 6:03:03 PM
49 verbose etag "6VO72PKTYP5F1JKELBB1E7XXZ"
50 http request GET https://registry.npmjs.org/webpack
51 info retry will retry, error on last attempt: Error: getaddrinfo EAI_AGAIN registry.npmjs.org:443
52 info attempt registry request try #3 at 6:04:03 PM
53 verbose etag "BHGUA1LB590EWCJ7L92NUZHU9"
54 http request GET https://registry.npmjs.org/fibers
55 info attempt registry request try #3 at 6:04:03 PM
56 verbose etag "6VO72PKTYP5F1JKELBB1E7XXZ"
57 http request GET https://registry.npmjs.org/webpack
58 http 304 https://registry.npmjs.org/fibers
59 verbose headers { date: 'Sun, 07 Aug 2016 10:04:03 GMT',
59 verbose headers   via: '1.1 varnish',
59 verbose headers   'cache-control': 'max-age=300',
59 verbose headers   etag: '"BHGUA1LB590EWCJ7L92NUZHU9"',
59 verbose headers   age: '0',
59 verbose headers   connection: 'keep-alive',
59 verbose headers   'x-served-by': 'cache-hkg6825-HKG',
59 verbose headers   'x-cache': 'HIT',
59 verbose headers   'x-cache-hits': '1',
59 verbose headers   'x-timer': 'S1470564243.677787,VS0,VE192',
59 verbose headers   vary: 'Accept-Encoding' }
60 silly get cb [ 304,
60 silly get   { date: 'Sun, 07 Aug 2016 10:04:03 GMT',
60 silly get     via: '1.1 varnish',
60 silly get     'cache-control': 'max-age=300',
60 silly get     etag: '"BHGUA1LB590EWCJ7L92NUZHU9"',
60 silly get     age: '0',
60 silly get     connection: 'keep-alive',
60 silly get     'x-served-by': 'cache-hkg6825-HKG',
60 silly get     'x-cache': 'HIT',
60 silly get     'x-cache-hits': '1',
60 silly get     'x-timer': 'S1470564243.677787,VS0,VE192',
60 silly get     vary: 'Accept-Encoding' } ]
61 verbose etag https://registry.npmjs.org/fibers from cache
62 verbose get saving fibers to /home/aaronr/.npm/registry.npmjs.org/fibers/.cache.json
63 verbose correctMkdir /home/aaronr/.npm correctMkdir not in flight; initializing
64 silly resolveWithNewModule fibers@1.0.13 checking installable status
65 silly cache add args [ 'fibers@^1.0.13', null ]
66 verbose cache add spec fibers@^1.0.13
67 silly cache add parsed spec Result {
67 silly cache add   raw: 'fibers@^1.0.13',
67 silly cache add   scope: null,
67 silly cache add   escapedName: 'fibers',
67 silly cache add   name: 'fibers',
67 silly cache add   rawSpec: '^1.0.13',
67 silly cache add   spec: '>=1.0.13 <2.0.0',
67 silly cache add   type: 'range' }
68 silly addNamed fibers@>=1.0.13 <2.0.0
69 verbose addNamed ">=1.0.13 <2.0.0" is a valid semver range for fibers
70 silly addNameRange { name: 'fibers', range: '>=1.0.13 <2.0.0', hasData: false }
71 silly mapToRegistry name fibers
72 silly mapToRegistry using default registry
73 silly mapToRegistry registry https://registry.npmjs.org/
74 silly mapToRegistry data Result {
74 silly mapToRegistry   raw: 'fibers',
74 silly mapToRegistry   scope: null,
74 silly mapToRegistry   escapedName: 'fibers',
74 silly mapToRegistry   name: 'fibers',
74 silly mapToRegistry   rawSpec: '',
74 silly mapToRegistry   spec: 'latest',
74 silly mapToRegistry   type: 'tag' }
75 silly mapToRegistry uri https://registry.npmjs.org/fibers
76 verbose addNameRange registry:https://registry.npmjs.org/fibers not in flight; fetching
77 verbose get https://registry.npmjs.org/fibers not expired, no request
78 silly addNameRange number 2 { name: 'fibers', range: '>=1.0.13 <2.0.0', hasData: true }
79 silly addNameRange versions [ 'fibers',
79 silly addNameRange   [ '0.1.0',
79 silly addNameRange     '0.1.1',
79 silly addNameRange     '0.1.2',
79 silly addNameRange     '0.1.3',
79 silly addNameRange     '0.1.4',
79 silly addNameRange     '0.1.6',
79 silly addNameRange     '0.1.7',
79 silly addNameRange     '0.1.8',
79 silly addNameRange     '0.2.0',
79 silly addNameRange     '0.2.1',
79 silly addNameRange     '0.2.2',
79 silly addNameRange     '0.2.3',
79 silly addNameRange     '0.2.4',
79 silly addNameRange     '0.2.5',
79 silly addNameRange     '0.2.6',
79 silly addNameRange     '0.5.0',
79 silly addNameRange     '0.6.0',
79 silly addNameRange     '0.5.1',
79 silly addNameRange     '0.6.1',
79 silly addNameRange     '0.6.2',
79 silly addNameRange     '0.6.3',
79 silly addNameRange     '0.6.4',
79 silly addNameRange     '0.6.5',
79 silly addNameRange     '0.6.6',
79 silly addNameRange     '0.6.7',
79 silly addNameRange     '0.6.8',
79 silly addNameRange     '0.6.9',
79 silly addNameRange     '1.0.0',
79 silly addNameRange     '1.0.1',
79 silly addNameRange     '1.0.2',
79 silly addNameRange     '1.0.4',
79 silly addNameRange     '1.0.5',
79 silly addNameRange     '1.0.6-b',
79 silly addNameRange     '1.0.7',
79 silly addNameRange     '1.0.8',
79 silly addNameRange     '1.0.9',
79 silly addNameRange     '1.0.10',
79 silly addNameRange     '1.0.11',
79 silly addNameRange     '1.0.12',
79 silly addNameRange     '1.0.13' ] ]
80 silly addNamed fibers@1.0.13
81 verbose addNamed "1.0.13" is a plain semver version for fibers
82 http 304 https://registry.npmjs.org/webpack
83 verbose headers { date: 'Sun, 07 Aug 2016 10:04:04 GMT',
83 verbose headers   via: '1.1 varnish',
83 verbose headers   'cache-control': 'max-age=300',
83 verbose headers   etag: '"6VO72PKTYP5F1JKELBB1E7XXZ"',
83 verbose headers   age: '1',
83 verbose headers   connection: 'keep-alive',
83 verbose headers   'x-served-by': 'cache-hkg6824-HKG',
83 verbose headers   'x-cache': 'HIT',
83 verbose headers   'x-cache-hits': '1',
83 verbose headers   'x-timer': 'S1470564244.179749,VS0,VE0',
83 verbose headers   vary: 'Accept-Encoding' }
84 silly get cb [ 304,
84 silly get   { date: 'Sun, 07 Aug 2016 10:04:04 GMT',
84 silly get     via: '1.1 varnish',
84 silly get     'cache-control': 'max-age=300',
84 silly get     etag: '"6VO72PKTYP5F1JKELBB1E7XXZ"',
84 silly get     age: '1',
84 silly get     connection: 'keep-alive',
84 silly get     'x-served-by': 'cache-hkg6824-HKG',
84 silly get     'x-cache': 'HIT',
84 silly get     'x-cache-hits': '1',
84 silly get     'x-timer': 'S1470564244.179749,VS0,VE0',
84 silly get     vary: 'Accept-Encoding' } ]
85 verbose etag https://registry.npmjs.org/webpack from cache
86 verbose get saving webpack to /home/aaronr/.npm/registry.npmjs.org/webpack/.cache.json
87 verbose correctMkdir /home/aaronr/.npm correctMkdir not in flight; initializing
88 silly resolveWithNewModule webpack@1.13.1 checking installable status
89 silly cache add args [ 'webpack@^1.13.1', null ]
90 verbose cache add spec webpack@^1.13.1
91 silly cache add parsed spec Result {
91 silly cache add   raw: 'webpack@^1.13.1',
91 silly cache add   scope: null,
91 silly cache add   escapedName: 'webpack',
91 silly cache add   name: 'webpack',
91 silly cache add   rawSpec: '^1.13.1',
91 silly cache add   spec: '>=1.13.1 <2.0.0',
91 silly cache add   type: 'range' }
92 silly addNamed webpack@>=1.13.1 <2.0.0
93 verbose addNamed ">=1.13.1 <2.0.0" is a valid semver range for webpack
94 silly addNameRange { name: 'webpack', range: '>=1.13.1 <2.0.0', hasData: false }
95 silly mapToRegistry name webpack
96 silly mapToRegistry using default registry
97 silly mapToRegistry registry https://registry.npmjs.org/
98 silly mapToRegistry data Result {
98 silly mapToRegistry   raw: 'webpack',
98 silly mapToRegistry   scope: null,
98 silly mapToRegistry   escapedName: 'webpack',
98 silly mapToRegistry   name: 'webpack',
98 silly mapToRegistry   rawSpec: '',
98 silly mapToRegistry   spec: 'latest',
98 silly mapToRegistry   type: 'tag' }
99 silly mapToRegistry uri https://registry.npmjs.org/webpack
100 verbose addNameRange registry:https://registry.npmjs.org/webpack not in flight; fetching
101 verbose get https://registry.npmjs.org/webpack not expired, no request
102 silly addNameRange number 2 { name: 'webpack', range: '>=1.13.1 <2.0.0', hasData: true }
103 silly addNameRange versions [ 'webpack',
103 silly addNameRange   [ '0.1.0',
103 silly addNameRange     '0.1.1',
103 silly addNameRange     '0.1.2',
103 silly addNameRange     '0.1.3',
103 silly addNameRange     '0.1.4',
103 silly addNameRange     '0.1.5',
103 silly addNameRange     '0.1.6',
103 silly addNameRange     '0.2.0',
103 silly addNameRange     '0.2.1',
103 silly addNameRange     '0.2.2',
103 silly addNameRange     '0.2.3',
103 silly addNameRange     '0.2.4',
103 silly addNameRange     '0.2.6',
103 silly addNameRange     '0.2.7',
103 silly addNameRange     '0.2.8',
103 silly addNameRange     '0.3.0',
103 silly addNameRange     '0.3.1',
103 silly addNameRange     '0.3.2',
103 silly addNameRange     '0.3.3',
103 silly addNameRange     '0.3.4',
103 silly addNameRange     '0.3.6',
103 silly addNameRange     '0.3.7',
103 silly addNameRange     '0.3.8',
103 silly addNameRange     '0.3.9',
103 silly addNameRange     '0.3.10',
103 silly addNameRange     '0.3.11',
103 silly addNameRange     '0.3.12',
103 silly addNameRange     '0.3.13',
103 silly addNameRange     '0.3.14',
103 silly addNameRange     '0.3.15',
103 silly addNameRange     '0.3.16',
103 silly addNameRange     '0.3.17',
103 silly addNameRange     '0.3.18',
103 silly addNameRange     '0.3.19',
103 silly addNameRange     '0.3.20',
103 silly addNameRange     '0.4.0',
103 silly addNameRange     '0.4.1',
103 silly addNameRange     '0.4.2',
103 silly addNameRange     '0.4.3',
103 silly addNameRange     '0.4.4',
103 silly addNameRange     '0.4.5',
103 silly addNameRange     '0.4.6',
103 silly addNameRange     '0.4.7',
103 silly addNameRange     '0.4.8',
103 silly addNameRange     '0.4.9',
103 silly addNameRange     '0.4.10',
103 silly addNameRange     '0.4.11',
103 silly addNameRange     '0.4.12',
103 silly addNameRange     '0.4.13',
103 silly addNameRange     '0.4.14',
103 silly addNameRange     '0.4.15',
103 silly addNameRange     '0.4.16',
103 silly addNameRange     '0.4.17',
103 silly addNameRange     '0.4.18',
103 silly addNameRange     '0.4.19',
103 silly addNameRange     '0.4.20',
103 silly addNameRange     '0.4.21',
103 silly addNameRange     '0.4.23',
103 silly addNameRange     '0.4.24',
103 silly addNameRange     '0.4.25',
103 silly addNameRange     '0.5.0',
103 silly addNameRange     '0.5.1',
103 silly addNameRange     '0.5.2',
103 silly addNameRange     '0.5.3',
103 silly addNameRange     '0.5.4',
103 silly addNameRange     '0.5.5',
103 silly addNameRange     '0.5.6',
103 silly addNameRange     '0.5.7',
103 silly addNameRange     '0.5.8',
103 silly addNameRange     '0.5.10',
103 silly addNameRange     '0.6.0',
103 silly addNameRange     '0.6.1',
103 silly addNameRange     '0.6.2',
103 silly addNameRange     '0.7.0-beta',
103 silly addNameRange     '0.7.0-beta2',
103 silly addNameRange     '0.7.0-beta3',
103 silly addNameRange     '0.7.0-beta4',
103 silly addNameRange     '0.7.0-beta5',
103 silly addNameRange     '0.7.0-beta6',
103 silly addNameRange     '0.7.0-beta7',
103 silly addNameRange     '0.7.0-beta8',
103 silly addNameRange     '0.7.0',
103 silly addNameRange     '0.7.1',
103 silly addNameRange     '0.7.2',
103 silly addNameRange     '0.7.3',
103 silly addNameRange     '0.7.4',
103 silly addNameRange     '0.7.5',
103 silly addNameRange     '0.7.6',
103 silly addNameRange     '0.7.7',
103 silly addNameRange     '0.7.8',
103 silly addNameRange     '0.7.9',
103 silly addNameRange     '0.7.11',
103 silly addNameRange     '0.7.12',
103 silly addNameRange     '0.7.13',
103 silly addNameRange     '0.7.14',
103 silly addNameRange     '0.7.15',
103 silly addNameRange     '0.7.16',
103 silly addNameRange     '0.7.17',
103 silly addNameRange     '0.8.0-beta1',
103 silly addNameRange     '0.8.0-beta2',
103 silly addNameRange     ... 316 more items ] ]
104 silly addNamed webpack@1.13.1
105 verbose addNamed "1.13.1" is a plain semver version for webpack
106 silly cache afterAdd webpack@1.13.1
107 verbose afterAdd /home/aaronr/.npm/webpack/1.13.1/package/package.json not in flight; writing
108 verbose correctMkdir /home/aaronr/.npm correctMkdir not in flight; initializing
109 verbose afterAdd /home/aaronr/.npm/webpack/1.13.1/package/package.json written
110 silly rollbackFailedOptional Starting
111 silly rollbackFailedOptional Finishing
112 silly runTopLevelLifecycles Starting
113 silly runTopLevelLifecycles Finishing
114 silly install printInstalled
115 verbose stack Error: Failed to parse json
115 verbose stack No data, empty input at 1:1
115 verbose stack
115 verbose stack ^
115 verbose stack     at parseError (/home/aaronr/.linuxbrew/lib/node_modules/npm/node_modules/read-package-json/read-json.js:390:11)
115 verbose stack     at parseJson (/home/aaronr/.linuxbrew/lib/node_modules/npm/node_modules/read-package-json/read-json.js:79:23)
115 verbose stack     at /home/aaronr/.linuxbrew/lib/node_modules/npm/node_modules/read-package-json/read-json.js:48:5
115 verbose stack     at /home/aaronr/.linuxbrew/lib/node_modules/npm/node_modules/graceful-fs/graceful-fs.js:78:16
115 verbose stack     at tryToString (fs.js:455:3)
115 verbose stack     at FSReqWrap.readFileAfterClose [as oncomplete] (fs.js:442:12)
116 verbose cwd /home/aaronr/Documents/Projects/remotiv-platform/app
117 error Linux 4.4.0-31-generic
118 error argv "/home/aaronr/.linuxbrew/Cellar/node/6.3.0/bin/node" "/home/aaronr/.linuxbrew/bin/npm" "install"
119 error node v6.3.0
120 error npm  v3.10.3
121 error file /home/aaronr/.npm/fibers/1.0.13/package/package.json
122 error code EJSONPARSE
123 error Failed to parse json
123 error No data, empty input at 1:1
123 error
123 error ^
124 error File: /home/aaronr/.npm/fibers/1.0.13/package/package.json
125 error Failed to parse package.json data.
125 error package.json must be actual JSON, not just JavaScript.
125 error
125 error This is not a bug in npm.
125 error Tell the package author to fix their package.json file. JSON.parse
126 verbose exit [ 1, true ]
